# JRE version: OpenJDK Runtime Environment (Zulu 8.52.0.23-CA-win64) (8.0_282-b08) (build 1.8.0_282-b08)
# Java VM: OpenJDK 64-Bit Server VM (25.282-b08 mixed mode windows-amd64 compressed oops)
Heap:
 PSYoungGen      total 129536K, used 81070K [0x00000000d5580000, 0x00000000e0180000, 0x0000000100000000)
  eden space 121344K, 60% used [0x00000000d5580000,0x00000000d9caf568,0x00000000dcc00000)
  from space 8192K, 99% used [0x00000000dd700000,0x00000000ddefc3f0,0x00000000ddf00000)
  to   space 11264K, 0% used [0x00000000dcc00000,0x00000000dcc00000,0x00000000dd700000)
 ParOldGen       total 63488K, used 15963K [0x0000000080000000, 0x0000000083e00000, 0x00000000d5580000)
  object space 63488K, 25% used [0x0000000080000000,0x0000000080f96c70,0x0000000083e00000)
 Metaspace       used 31189K, capacity 32112K, committed 32256K, reserved 1077248K
  class space    used 3701K, capacity 3990K, committed 4096K, reserved 1048576K
GC Heap History (10 events):
Event: 2.646 GC heap before
{Heap before GC invocations=7 (full 0):
 PSYoungGen      total 73216K, used 68715K [0x00000000d5580000, 0x00000000da580000, 0x0000000100000000)
  eden space 66048K, 93% used [0x00000000d5580000,0x00000000d91b35a8,0x00000000d9600000)
  from space 7168K, 98% used [0x00000000d9d80000,0x00000000da467808,0x00000000da480000)
  to   space 7680K, 0% used [0x00000000d9600000,0x00000000d9600000,0x00000000d9d80000)
 ParOldGen       total 87552K, used 1694K [0x0000000080000000, 0x0000000085580000, 0x00000000d5580000)
  object space 87552K, 1% used [0x0000000080000000,0x00000000801a7b50,0x0000000085580000)
 Metaspace       used 20777K, capacity 21072K, committed 21296K, reserved 1069056K
  class space    used 2310K, capacity 2424K, committed 2432K, reserved 1048576K
Event: 2.655 GC heap after
Heap after GC invocations=7 (full 0):
 PSYoungGen      total 73728K, used 6225K [0x00000000d5580000, 0x00000000de680000, 0x0000000100000000)
  eden space 66048K, 0% used [0x00000000d5580000,0x00000000d5580000,0x00000000d9600000)
  from space 7680K, 81% used [0x00000000d9600000,0x00000000d9c14408,0x00000000d9d80000)
  to   space 8192K, 0% used [0x00000000dde80000,0x00000000dde80000,0x00000000de680000)
 ParOldGen       total 87552K, used 4903K [0x0000000080000000, 0x0000000085580000, 0x00000000d5580000)
  object space 87552K, 5% used [0x0000000080000000,0x00000000804c9c08,0x0000000085580000)
 Metaspace       used 20777K, capacity 21072K, committed 21296K, reserved 1069056K
  class space    used 2310K, capacity 2424K, committed 2432K, reserved 1048576K
}
Event: 2.655 GC heap before
{Heap before GC invocations=8 (full 1):
 PSYoungGen      total 73728K, used 6225K [0x00000000d5580000, 0x00000000de680000, 0x0000000100000000)
  eden space 66048K, 0% used [0x00000000d5580000,0x00000000d5580000,0x00000000d9600000)
  from space 7680K, 81% used [0x00000000d9600000,0x00000000d9c14408,0x00000000d9d80000)
  to   space 8192K, 0% used [0x00000000dde80000,0x00000000dde80000,0x00000000de680000)
 ParOldGen       total 87552K, used 4903K [0x0000000080000000, 0x0000000085580000, 0x00000000d5580000)
  object space 87552K, 5% used [0x0000000080000000,0x00000000804c9c08,0x0000000085580000)
 Metaspace       used 20777K, capacity 21072K, committed 21296K, reserved 1069056K
  class space    used 2310K, capacity 2424K, committed 2432K, reserved 1048576K
Event: 2.690 GC heap after
Heap after GC invocations=8 (full 1):
 PSYoungGen      total 73728K, used 0K [0x00000000d5580000, 0x00000000de680000, 0x0000000100000000)
  eden space 66048K, 0% used [0x00000000d5580000,0x00000000d5580000,0x00000000d9600000)
  from space 7680K, 0% used [0x00000000d9600000,0x00000000d9600000,0x00000000d9d80000)
  to   space 8192K, 0% used [0x00000000dde80000,0x00000000dde80000,0x00000000de680000)
 ParOldGen       total 63488K, used 9913K [0x0000000080000000, 0x0000000083e00000, 0x00000000d5580000)
  object space 63488K, 15% used [0x0000000080000000,0x00000000809ae758,0x0000000083e00000)
 Metaspace       used 20777K, capacity 21072K, committed 21296K, reserved 1069056K
  class space    used 2310K, capacity 2424K, committed 2432K, reserved 1048576K
}
Event: 3.037 GC heap before
{Heap before GC invocations=9 (full 1):
 PSYoungGen      total 73728K, used 66048K [0x00000000d5580000, 0x00000000de680000, 0x0000000100000000)
  eden space 66048K, 100% used [0x00000000d5580000,0x00000000d9600000,0x00000000d9600000)
  from space 7680K, 0% used [0x00000000d9600000,0x00000000d9600000,0x00000000d9d80000)
  to   space 8192K, 0% used [0x00000000dde80000,0x00000000dde80000,0x00000000de680000)
 ParOldGen       total 63488K, used 9913K [0x0000000080000000, 0x0000000083e00000, 0x00000000d5580000)
  object space 63488K, 15% used [0x0000000080000000,0x00000000809ae758,0x0000000083e00000)
 Metaspace       used 21849K, capacity 22200K, committed 22448K, reserved 1069056K
  class space    used 2414K, capacity 2541K, committed 2560K, reserved 1048576K
Event: 3.039 GC heap after
Heap after GC invocations=9 (full 1):
 PSYoungGen      total 98304K, used 2413K [0x00000000d5580000, 0x00000000de100000, 0x0000000100000000)
  eden space 95744K, 0% used [0x00000000d5580000,0x00000000d5580000,0x00000000db300000)
  from space 2560K, 94% used [0x00000000dde80000,0x00000000de0db5d8,0x00000000de100000)
  to   space 8192K, 0% used [0x00000000dd100000,0x00000000dd100000,0x00000000dd900000)
 ParOldGen       total 63488K, used 9921K [0x0000000080000000, 0x0000000083e00000, 0x00000000d5580000)
  object space 63488K, 15% used [0x0000000080000000,0x00000000809b0758,0x0000000083e00000)
 Metaspace       used 21849K, capacity 22200K, committed 22448K, reserved 1069056K
  class space    used 2414K, capacity 2541K, committed 2560K, reserved 1048576K
}
Event: 3.491 GC heap before
{Heap before GC invocations=10 (full 1):
 PSYoungGen      total 98304K, used 98157K [0x00000000d5580000, 0x00000000de100000, 0x0000000100000000)
  eden space 95744K, 100% used [0x00000000d5580000,0x00000000db300000,0x00000000db300000)
  from space 2560K, 94% used [0x00000000dde80000,0x00000000de0db5d8,0x00000000de100000)
  to   space 8192K, 0% used [0x00000000dd100000,0x00000000dd100000,0x00000000dd900000)
 ParOldGen       total 63488K, used 9921K [0x0000000080000000, 0x0000000083e00000, 0x00000000d5580000)
  object space 63488K, 15% used [0x0000000080000000,0x00000000809b0758,0x0000000083e00000)
 Metaspace       used 22329K, capacity 22644K, committed 23088K, reserved 1069056K
  class space    used 2445K, capacity 2581K, committed 2688K, reserved 1048576K
Event: 3.497 GC heap after
Heap after GC invocations=10 (full 1):
 PSYoungGen      total 129024K, used 5888K [0x00000000d5580000, 0x00000000ddf00000, 0x0000000100000000)
  eden space 122880K, 0% used [0x00000000d5580000,0x00000000d5580000,0x00000000dcd80000)
  from space 6144K, 95% used [0x00000000dd100000,0x00000000dd6c0268,0x00000000dd700000)
  to   space 8192K, 0% used [0x00000000dd700000,0x00000000dd700000,0x00000000ddf00000)
 ParOldGen       total 63488K, used 9921K [0x0000000080000000, 0x0000000083e00000, 0x00000000d5580000)
  object space 63488K, 15% used [0x0000000080000000,0x00000000809b0758,0x0000000083e00000)
 Metaspace       used 22329K, capacity 22644K, committed 23088K, reserved 1069056K
  class space    used 2445K, capacity 2581K, committed 2688K, reserved 1048576K
}
Event: 8.118 GC heap before
{Heap before GC invocations=11 (full 1):
 PSYoungGen      total 129024K, used 128768K [0x00000000d5580000, 0x00000000ddf00000, 0x0000000100000000)
  eden space 122880K, 100% used [0x00000000d5580000,0x00000000dcd80000,0x00000000dcd80000)
  from space 6144K, 95% used [0x00000000dd100000,0x00000000dd6c0268,0x00000000dd700000)
  to   space 8192K, 0% used [0x00000000dd700000,0x00000000dd700000,0x00000000ddf00000)
 ParOldGen       total 63488K, used 9921K [0x0000000080000000, 0x0000000083e00000, 0x00000000d5580000)
  object space 63488K, 15% used [0x0000000080000000,0x00000000809b0758,0x0000000083e00000)
 Metaspace       used 30185K, capacity 31086K, committed 31360K, reserved 1077248K
  class space    used 3594K, capacity 3862K, committed 3968K, reserved 1048576K
Event: 8.131 GC heap after
Heap after GC invocations=11 (full 1):
 PSYoungGen      total 129536K, used 8176K [0x00000000d5580000, 0x00000000e0180000, 0x0000000100000000)
  eden space 121344K, 0% used [0x00000000d5580000,0x00000000d5580000,0x00000000dcc00000)
  from space 8192K, 99% used [0x00000000dd700000,0x00000000ddefc3f0,0x00000000ddf00000)
  to   space 11264K, 0% used [0x00000000dcc00000,0x00000000dcc00000,0x00000000dd700000)
 ParOldGen       total 63488K, used 15963K [0x0000000080000000, 0x0000000083e00000, 0x00000000d5580000)
  object space 63488K, 25% used [0x0000000080000000,0x0000000080f96c70,0x0000000083e00000)
 Metaspace       used 30185K, capacity 31086K, committed 31360K, reserved 1077248K
  class space    used 3594K, capacity 3862K, committed 3968K, reserved 1048576K
}

