# JRE version: OpenJDK Runtime Environment (Zulu 8.52.0.23-CA-win64) (8.0_282-b08) (build 1.8.0_282-b08)
# Java VM: OpenJDK 64-Bit Server VM (25.282-b08 mixed mode windows-amd64 compressed oops)
Heap:
 PSYoungGen      total 196096K, used 146974K [0x00000000d5580000, 0x00000000e2400000, 0x0000000100000000)
  eden space 185856K, 73% used [0x00000000d5580000,0x00000000ddb08380,0x00000000e0b00000)
  from space 10240K, 99% used [0x00000000e1880000,0x00000000e227f688,0x00000000e2280000)
  to   space 12800K, 0% used [0x00000000e0b00000,0x00000000e0b00000,0x00000000e1780000)
 ParOldGen       total 62976K, used 12617K [0x0000000080000000, 0x0000000083d80000, 0x00000000d5580000)
  object space 62976K, 20% used [0x0000000080000000,0x0000000080c52480,0x0000000083d80000)
 Metaspace       used 31314K, capacity 32270K, committed 32512K, reserved 1077248K
  class space    used 3714K, capacity 4021K, committed 4096K, reserved 1048576K
GC Heap History (10 events):
Event: 2.051 GC heap before
{Heap before GC invocations=5 (full 0):
 PSYoungGen      total 71680K, used 71671K [0x00000000d5580000, 0x00000000da080000, 0x0000000100000000)
  eden space 66560K, 100% used [0x00000000d5580000,0x00000000d9680000,0x00000000d9680000)
  from space 5120K, 99% used [0x00000000d9b80000,0x00000000da07ddb0,0x00000000da080000)
  to   space 5120K, 0% used [0x00000000d9680000,0x00000000d9680000,0x00000000d9b80000)
 ParOldGen       total 87552K, used 322K [0x0000000080000000, 0x0000000085580000, 0x00000000d5580000)
  object space 87552K, 0% used [0x0000000080000000,0x00000000800509a8,0x0000000085580000)
 Metaspace       used 17261K, capacity 17440K, committed 17920K, reserved 1064960K
  class space    used 1855K, capacity 1940K, committed 2048K, reserved 1048576K
Event: 2.058 GC heap after
Heap after GC invocations=5 (full 0):
 PSYoungGen      total 71680K, used 5112K [0x00000000d5580000, 0x00000000de780000, 0x0000000100000000)
  eden space 66560K, 0% used [0x00000000d5580000,0x00000000d5580000,0x00000000d9680000)
  from space 5120K, 99% used [0x00000000d9680000,0x00000000d9b7e338,0x00000000d9b80000)
  to   space 8192K, 0% used [0x00000000ddf80000,0x00000000ddf80000,0x00000000de780000)
 ParOldGen       total 87552K, used 3634K [0x0000000080000000, 0x0000000085580000, 0x00000000d5580000)
  object space 87552K, 4% used [0x0000000080000000,0x000000008038cb68,0x0000000085580000)
 Metaspace       used 17261K, capacity 17440K, committed 17920K, reserved 1064960K
  class space    used 1855K, capacity 1940K, committed 2048K, reserved 1048576K
}
Event: 2.705 GC heap before
{Heap before GC invocations=6 (full 0):
 PSYoungGen      total 71680K, used 68560K [0x00000000d5580000, 0x00000000de780000, 0x0000000100000000)
  eden space 66560K, 95% used [0x00000000d5580000,0x00000000d9375d10,0x00000000d9680000)
  from space 5120K, 99% used [0x00000000d9680000,0x00000000d9b7e338,0x00000000d9b80000)
  to   space 8192K, 0% used [0x00000000ddf80000,0x00000000ddf80000,0x00000000de780000)
 ParOldGen       total 87552K, used 3634K [0x0000000080000000, 0x0000000085580000, 0x00000000d5580000)
  object space 87552K, 4% used [0x0000000080000000,0x000000008038cb68,0x0000000085580000)
 Metaspace       used 20795K, capacity 21068K, committed 21296K, reserved 1069056K
  class space    used 2314K, capacity 2422K, committed 2432K, reserved 1048576K
Event: 2.714 GC heap after
Heap after GC invocations=6 (full 0):
 PSYoungGen      total 139776K, used 8171K [0x00000000d5580000, 0x00000000dea80000, 0x0000000100000000)
  eden space 131584K, 0% used [0x00000000d5580000,0x00000000d5580000,0x00000000dd600000)
  from space 8192K, 99% used [0x00000000ddf80000,0x00000000de77adf0,0x00000000de780000)
  to   space 9728K, 0% used [0x00000000dd600000,0x00000000dd600000,0x00000000ddf80000)
 ParOldGen       total 87552K, used 4308K [0x0000000080000000, 0x0000000085580000, 0x00000000d5580000)
  object space 87552K, 4% used [0x0000000080000000,0x0000000080435148,0x0000000085580000)
 Metaspace       used 20795K, capacity 21068K, committed 21296K, reserved 1069056K
  class space    used 2314K, capacity 2422K, committed 2432K, reserved 1048576K
}
Event: 2.714 GC heap before
{Heap before GC invocations=7 (full 1):
 PSYoungGen      total 139776K, used 8171K [0x00000000d5580000, 0x00000000dea80000, 0x0000000100000000)
  eden space 131584K, 0% used [0x00000000d5580000,0x00000000d5580000,0x00000000dd600000)
  from space 8192K, 99% used [0x00000000ddf80000,0x00000000de77adf0,0x00000000de780000)
  to   space 9728K, 0% used [0x00000000dd600000,0x00000000dd600000,0x00000000ddf80000)
 ParOldGen       total 87552K, used 4308K [0x0000000080000000, 0x0000000085580000, 0x00000000d5580000)
  object space 87552K, 4% used [0x0000000080000000,0x0000000080435148,0x0000000085580000)
 Metaspace       used 20795K, capacity 21068K, committed 21296K, reserved 1069056K
  class space    used 2314K, capacity 2422K, committed 2432K, reserved 1048576K
Event: 2.751 GC heap after
Heap after GC invocations=7 (full 1):
 PSYoungGen      total 139776K, used 0K [0x00000000d5580000, 0x00000000dea80000, 0x0000000100000000)
  eden space 131584K, 0% used [0x00000000d5580000,0x00000000d5580000,0x00000000dd600000)
  from space 8192K, 0% used [0x00000000ddf80000,0x00000000ddf80000,0x00000000de780000)
  to   space 9728K, 0% used [0x00000000dd600000,0x00000000dd600000,0x00000000ddf80000)
 ParOldGen       total 62976K, used 9999K [0x0000000080000000, 0x0000000083d80000, 0x00000000d5580000)
  object space 62976K, 15% used [0x0000000080000000,0x00000000809c3c70,0x0000000083d80000)
 Metaspace       used 20795K, capacity 21068K, committed 21296K, reserved 1069056K
  class space    used 2314K, capacity 2422K, committed 2432K, reserved 1048576K
}
Event: 3.487 GC heap before
{Heap before GC invocations=8 (full 1):
 PSYoungGen      total 139776K, used 131584K [0x00000000d5580000, 0x00000000dea80000, 0x0000000100000000)
  eden space 131584K, 100% used [0x00000000d5580000,0x00000000dd600000,0x00000000dd600000)
  from space 8192K, 0% used [0x00000000ddf80000,0x00000000ddf80000,0x00000000de780000)
  to   space 9728K, 0% used [0x00000000dd600000,0x00000000dd600000,0x00000000ddf80000)
 ParOldGen       total 62976K, used 9999K [0x0000000080000000, 0x0000000083d80000, 0x00000000d5580000)
  object space 62976K, 15% used [0x0000000080000000,0x00000000809c3c70,0x0000000083d80000)
 Metaspace       used 22218K, capacity 22584K, committed 22960K, reserved 1069056K
  class space    used 2434K, capacity 2541K, committed 2560K, reserved 1048576K
Event: 3.490 GC heap after
Heap after GC invocations=8 (full 1):
 PSYoungGen      total 141312K, used 2706K [0x00000000d5580000, 0x00000000e2280000, 0x0000000100000000)
  eden space 131584K, 0% used [0x00000000d5580000,0x00000000d5580000,0x00000000dd600000)
  from space 9728K, 27% used [0x00000000dd600000,0x00000000dd8a4b80,0x00000000ddf80000)
  to   space 10240K, 0% used [0x00000000e1880000,0x00000000e1880000,0x00000000e2280000)
 ParOldGen       total 62976K, used 10007K [0x0000000080000000, 0x0000000083d80000, 0x00000000d5580000)
  object space 62976K, 15% used [0x0000000080000000,0x00000000809c5c70,0x0000000083d80000)
 Metaspace       used 22218K, capacity 22584K, committed 22960K, reserved 1069056K
  class space    used 2434K, capacity 2541K, committed 2560K, reserved 1048576K
}
Event: 5.891 GC heap before
{Heap before GC invocations=9 (full 1):
 PSYoungGen      total 141312K, used 134290K [0x00000000d5580000, 0x00000000e2280000, 0x0000000100000000)
  eden space 131584K, 100% used [0x00000000d5580000,0x00000000dd600000,0x00000000dd600000)
  from space 9728K, 27% used [0x00000000dd600000,0x00000000dd8a4b80,0x00000000ddf80000)
  to   space 10240K, 0% used [0x00000000e1880000,0x00000000e1880000,0x00000000e2280000)
 ParOldGen       total 62976K, used 10007K [0x0000000080000000, 0x0000000083d80000, 0x00000000d5580000)
  object space 62976K, 15% used [0x0000000080000000,0x00000000809c5c70,0x0000000083d80000)
 Metaspace       used 28727K, capacity 29560K, committed 29824K, reserved 1075200K
  class space    used 3390K, capacity 3637K, committed 3712K, reserved 1048576K
Event: 5.905 GC heap after
Heap after GC invocations=9 (full 1):
 PSYoungGen      total 196096K, used 10237K [0x00000000d5580000, 0x00000000e2400000, 0x0000000100000000)
  eden space 185856K, 0% used [0x00000000d5580000,0x00000000d5580000,0x00000000e0b00000)
  from space 10240K, 99% used [0x00000000e1880000,0x00000000e227f688,0x00000000e2280000)
  to   space 12800K, 0% used [0x00000000e0b00000,0x00000000e0b00000,0x00000000e1780000)
 ParOldGen       total 62976K, used 12617K [0x0000000080000000, 0x0000000083d80000, 0x00000000d5580000)
  object space 62976K, 20% used [0x0000000080000000,0x0000000080c52480,0x0000000083d80000)
 Metaspace       used 28727K, capacity 29560K, committed 29824K, reserved 1075200K
  class space    used 3390K, capacity 3637K, committed 3712K, reserved 1048576K
}

